

================================================================
== Vitis HLS Report for 'dft'
================================================================
* Date:           Wed Nov 22 01:27:35 2023

* Version:        2023.1 (Build 3854077 on May  4 2023)
* Project:        dft256
* Solution:       solution1 (Vivado IP Flow Target)
* Product family: zynq
* Target device:  xc7z020-clg400-1


================================================================
== Performance Estimates
================================================================
+ Timing: 
    * Summary: 
    +--------+----------+----------+------------+
    |  Clock |  Target  | Estimated| Uncertainty|
    +--------+----------+----------+------------+
    |ap_clk  |  10.00 ns|  7.863 ns|     2.70 ns|
    +--------+----------+----------+------------+

+ Latency: 
    * Summary: 
    +---------+---------+----------+----------+--------+--------+---------+
    |  Latency (cycles) |  Latency (absolute) |     Interval    | Pipeline|
    |   min   |   max   |    min   |    max   |   min  |   max  |   Type  |
    +---------+---------+----------+----------+--------+--------+---------+
    |   393531|   393531|  3.935 ms|  3.935 ms|  393532|  393532|       no|
    +---------+---------+----------+----------+--------+--------+---------+

    + Detail: 
        * Instance: 
        +--------------------------------------------------------+----------------------------------------------+---------+---------+----------+----------+--------+--------+---------+
        |                                                        |                                              |  Latency (cycles) |  Latency (absolute) |     Interval    | Pipeline|
        |                        Instance                        |                    Module                    |   min   |   max   |    min   |    max   |   min  |   max  |   Type  |
        +--------------------------------------------------------+----------------------------------------------+---------+---------+----------+----------+--------+--------+---------+
        |grp_dft_Pipeline_VITIS_LOOP_22_1_VITIS_LOOP_28_2_fu_58  |dft_Pipeline_VITIS_LOOP_22_1_VITIS_LOOP_28_2  |   393270|   393270|  3.933 ms|  3.933 ms|  393270|  393270|       no|
        |grp_dft_Pipeline_VITIS_LOOP_40_3_fu_78                  |dft_Pipeline_VITIS_LOOP_40_3                  |      258|      258|  2.580 us|  2.580 us|     258|     258|       no|
        +--------------------------------------------------------+----------------------------------------------+---------+---------+----------+----------+--------+--------+---------+

        * Loop: 
        N/A



================================================================
== Utilization Estimates
================================================================
* Summary: 
+-----------------+---------+-----+--------+-------+-----+
|       Name      | BRAM_18K| DSP |   FF   |  LUT  | URAM|
+-----------------+---------+-----+--------+-------+-----+
|DSP              |        -|    -|       -|      -|    -|
|Expression       |        -|    -|       -|      -|    -|
|FIFO             |        -|    -|       -|      -|    -|
|Instance         |        4|   29|    4621|   5063|    -|
|Memory           |        2|    -|       0|      0|    0|
|Multiplexer      |        -|    -|       -|    173|    -|
|Register         |        -|    -|       6|      -|    -|
+-----------------+---------+-----+--------+-------+-----+
|Total            |        6|   29|    4627|   5236|    0|
+-----------------+---------+-----+--------+-------+-----+
|Available        |      280|  220|  106400|  53200|    0|
+-----------------+---------+-----+--------+-------+-----+
|Utilization (%)  |        2|   13|       4|      9|    0|
+-----------------+---------+-----+--------+-------+-----+

+ Detail: 
    * Instance: 
    +--------------------------------------------------------+----------------------------------------------+---------+----+------+------+-----+
    |                        Instance                        |                    Module                    | BRAM_18K| DSP|  FF  |  LUT | URAM|
    +--------------------------------------------------------+----------------------------------------------+---------+----+------+------+-----+
    |control_s_axi_U                                         |control_s_axi                                 |        4|   0|   196|   180|    0|
    |grp_dft_Pipeline_VITIS_LOOP_22_1_VITIS_LOOP_28_2_fu_58  |dft_Pipeline_VITIS_LOOP_22_1_VITIS_LOOP_28_2  |        0|  29|  4404|  4818|    0|
    |grp_dft_Pipeline_VITIS_LOOP_40_3_fu_78                  |dft_Pipeline_VITIS_LOOP_40_3                  |        0|   0|    21|    65|    0|
    +--------------------------------------------------------+----------------------------------------------+---------+----+------+------+-----+
    |Total                                                   |                                              |        4|  29|  4621|  5063|    0|
    +--------------------------------------------------------+----------------------------------------------+---------+----+------+------+-----+

    * DSP: 
    N/A

    * Memory: 
    +-------------+-------------------------+---------+---+----+-----+------+-----+------+-------------+
    |    Memory   |          Module         | BRAM_18K| FF| LUT| URAM| Words| Bits| Banks| W*Bits*Banks|
    +-------------+-------------------------+---------+---+----+-----+------+-----+------+-------------+
    |real_temp_U  |real_temp_RAM_AUTO_1R1W  |        1|  0|   0|    0|   256|   32|     1|         8192|
    |imag_temp_U  |real_temp_RAM_AUTO_1R1W  |        1|  0|   0|    0|   256|   32|     1|         8192|
    +-------------+-------------------------+---------+---+----+-----+------+-----+------+-------------+
    |Total        |                         |        2|  0|   0|    0|   512|   64|     2|        16384|
    +-------------+-------------------------+---------+---+----+-----+------+-----+------+-------------+

    * FIFO: 
    N/A

    * Expression: 
    N/A

    * Multiplexer: 
    +----------------------+----+-----------+-----+-----------+
    |         Name         | LUT| Input Size| Bits| Total Bits|
    +----------------------+----+-----------+-----+-----------+
    |ap_NS_fsm             |  25|          5|    1|          5|
    |imag_sample_address0  |  14|          3|    8|         24|
    |imag_sample_ce0       |  14|          3|    1|          3|
    |imag_sample_we0       |   9|          2|    1|          2|
    |imag_temp_address0    |  14|          3|    8|         24|
    |imag_temp_ce0         |  14|          3|    1|          3|
    |imag_temp_we0         |   9|          2|    1|          2|
    |real_sample_address0  |  14|          3|    8|         24|
    |real_sample_ce0       |  14|          3|    1|          3|
    |real_sample_we0       |   9|          2|    1|          2|
    |real_temp_address0    |  14|          3|    8|         24|
    |real_temp_ce0         |  14|          3|    1|          3|
    |real_temp_we0         |   9|          2|    1|          2|
    +----------------------+----+-----------+-----+-----------+
    |Total                 | 173|         37|   41|        121|
    +----------------------+----+-----------+-----+-----------+

    * Register: 
    +---------------------------------------------------------------------+---+----+-----+-----------+
    |                                 Name                                | FF| LUT| Bits| Const Bits|
    +---------------------------------------------------------------------+---+----+-----+-----------+
    |ap_CS_fsm                                                            |  4|   0|    4|          0|
    |grp_dft_Pipeline_VITIS_LOOP_22_1_VITIS_LOOP_28_2_fu_58_ap_start_reg  |  1|   0|    1|          0|
    |grp_dft_Pipeline_VITIS_LOOP_40_3_fu_78_ap_start_reg                  |  1|   0|    1|          0|
    +---------------------------------------------------------------------+---+----+-----+-----------+
    |Total                                                                |  6|   0|    6|          0|
    +---------------------------------------------------------------------+---+----+-----+-----------+



================================================================
== Interface
================================================================
* Summary: 
+-----------------------+-----+-----+------------+--------------+--------------+
|       RTL Ports       | Dir | Bits|  Protocol  | Source Object|    C Type    |
+-----------------------+-----+-----+------------+--------------+--------------+
|s_axi_control_AWVALID  |   in|    1|       s_axi|       control|         array|
|s_axi_control_AWREADY  |  out|    1|       s_axi|       control|         array|
|s_axi_control_AWADDR   |   in|   12|       s_axi|       control|         array|
|s_axi_control_WVALID   |   in|    1|       s_axi|       control|         array|
|s_axi_control_WREADY   |  out|    1|       s_axi|       control|         array|
|s_axi_control_WDATA    |   in|   32|       s_axi|       control|         array|
|s_axi_control_WSTRB    |   in|    4|       s_axi|       control|         array|
|s_axi_control_ARVALID  |   in|    1|       s_axi|       control|         array|
|s_axi_control_ARREADY  |  out|    1|       s_axi|       control|         array|
|s_axi_control_ARADDR   |   in|   12|       s_axi|       control|         array|
|s_axi_control_RVALID   |  out|    1|       s_axi|       control|         array|
|s_axi_control_RREADY   |   in|    1|       s_axi|       control|         array|
|s_axi_control_RDATA    |  out|   32|       s_axi|       control|         array|
|s_axi_control_RRESP    |  out|    2|       s_axi|       control|         array|
|s_axi_control_BVALID   |  out|    1|       s_axi|       control|         array|
|s_axi_control_BREADY   |   in|    1|       s_axi|       control|         array|
|s_axi_control_BRESP    |  out|    2|       s_axi|       control|         array|
|ap_clk                 |   in|    1|  ap_ctrl_hs|           dft|  return value|
|ap_rst_n               |   in|    1|  ap_ctrl_hs|           dft|  return value|
|interrupt              |  out|    1|  ap_ctrl_hs|           dft|  return value|
+-----------------------+-----+-----+------------+--------------+--------------+

